# JRE version: Java(TM) SE Runtime Environment (8.0_66-b17) (build 1.8.0_66-b17)
# Java VM: Java HotSpot(TM) 64-Bit Server VM (25.66-b17 mixed mode windows-amd64 compressed oops)
Heap:
 PSYoungGen      total 266240K, used 208245K [0x00000000eab00000, 0x00000000fc300000, 0x0000000100000000)
  eden space 246784K, 84% used [0x00000000eab00000,0x00000000f765d428,0x00000000f9c00000)
  from space 19456K, 0% used [0x00000000fb000000,0x00000000fb000000,0x00000000fc300000)
  to   space 19968K, 0% used [0x00000000f9c00000,0x00000000f9c00000,0x00000000faf80000)
 ParOldGen       total 177152K, used 55602K [0x00000000c0000000, 0x00000000cad00000, 0x00000000eab00000)
  object space 177152K, 31% used [0x00000000c0000000,0x00000000c364ca98,0x00000000cad00000)
 Metaspace       used 74317K, capacity 80712K, committed 80896K, reserved 1120256K
  class space    used 9246K, capacity 9972K, committed 9984K, reserved 1048576K
GC Heap History (10 events):
Event: 15853.452 GC heap before
{Heap before GC invocations=87 (full 27):
 PSYoungGen      total 247296K, used 202979K [0x00000000eab00000, 0x00000000fc780000, 0x0000000100000000)
  eden space 245248K, 82% used [0x00000000eab00000,0x00000000f7138d70,0x00000000f9a80000)
  from space 2048K, 0% used [0x00000000f9a80000,0x00000000f9a80000,0x00000000f9c80000)
  to   space 23040K, 0% used [0x00000000fb100000,0x00000000fb100000,0x00000000fc780000)
 ParOldGen       total 177152K, used 49969K [0x00000000c0000000, 0x00000000cad00000, 0x00000000eab00000)
  object space 177152K, 28% used [0x00000000c0000000,0x00000000c30cc7e8,0x00000000cad00000)
 Metaspace       used 67350K, capacity 73446K, committed 73856K, reserved 1114112K
  class space    used 8584K, capacity 9259K, committed 9600K, reserved 1048576K
Event: 15853.458 GC heap after
Heap after GC invocations=87 (full 27):
 PSYoungGen      total 266240K, used 1823K [0x00000000eab00000, 0x00000000fc580000, 0x0000000100000000)
  eden space 245248K, 0% used [0x00000000eab00000,0x00000000eab00000,0x00000000f9a80000)
  from space 20992K, 8% used [0x00000000fb100000,0x00000000fb2c7c50,0x00000000fc580000)
  to   space 22016K, 0% used [0x00000000f9a80000,0x00000000f9a80000,0x00000000fb000000)
 ParOldGen       total 177152K, used 49977K [0x00000000c0000000, 0x00000000cad00000, 0x00000000eab00000)
  object space 177152K, 28% used [0x00000000c0000000,0x00000000c30ce7e8,0x00000000cad00000)
 Metaspace       used 67350K, capacity 73446K, committed 73856K, reserved 1114112K
  class space    used 8584K, capacity 9259K, committed 9600K, reserved 1048576K
}
Event: 15853.459 GC heap before
{Heap before GC invocations=88 (full 28):
 PSYoungGen      total 266240K, used 1823K [0x00000000eab00000, 0x00000000fc580000, 0x0000000100000000)
  eden space 245248K, 0% used [0x00000000eab00000,0x00000000eab00000,0x00000000f9a80000)
  from space 20992K, 8% used [0x00000000fb100000,0x00000000fb2c7c50,0x00000000fc580000)
  to   space 22016K, 0% used [0x00000000f9a80000,0x00000000f9a80000,0x00000000fb000000)
 ParOldGen       total 177152K, used 49977K [0x00000000c0000000, 0x00000000cad00000, 0x00000000eab00000)
  object space 177152K, 28% used [0x00000000c0000000,0x00000000c30ce7e8,0x00000000cad00000)
 Metaspace       used 67350K, capacity 73446K, committed 73856K, reserved 1114112K
  class space    used 8584K, capacity 9259K, committed 9600K, reserved 1048576K
Event: 15853.778 GC heap after
Heap after GC invocations=88 (full 28):
 PSYoungGen      total 266240K, used 0K [0x00000000eab00000, 0x00000000fc580000, 0x0000000100000000)
  eden space 245248K, 0% used [0x00000000eab00000,0x00000000eab00000,0x00000000f9a80000)
  from space 20992K, 0% used [0x00000000fb100000,0x00000000fb100000,0x00000000fc580000)
  to   space 22016K, 0% used [0x00000000f9a80000,0x00000000f9a80000,0x00000000fb000000)
 ParOldGen       total 177152K, used 50285K [0x00000000c0000000, 0x00000000cad00000, 0x00000000eab00000)
  object space 177152K, 28% used [0x00000000c0000000,0x00000000c311b550,0x00000000cad00000)
 Metaspace       used 67350K, capacity 73446K, committed 73856K, reserved 1114112K
  class space    used 8584K, capacity 9259K, committed 9600K, reserved 1048576K
}
Event: 16137.300 GC heap before
{Heap before GC invocations=89 (full 28):
 PSYoungGen      total 266240K, used 245248K [0x00000000eab00000, 0x00000000fc580000, 0x0000000100000000)
  eden space 245248K, 100% used [0x00000000eab00000,0x00000000f9a80000,0x00000000f9a80000)
  from space 20992K, 0% used [0x00000000fb100000,0x00000000fb100000,0x00000000fc580000)
  to   space 22016K, 0% used [0x00000000f9a80000,0x00000000f9a80000,0x00000000fb000000)
 ParOldGen       total 177152K, used 50285K [0x00000000c0000000, 0x00000000cad00000, 0x00000000eab00000)
  object space 177152K, 28% used [0x00000000c0000000,0x00000000c311b550,0x00000000cad00000)
 Metaspace       used 67422K, capacity 73682K, committed 74112K, reserved 1114112K
  class space    used 8596K, capacity 9271K, committed 9600K, reserved 1048576K
Event: 16137.308 GC heap after
Heap after GC invocations=89 (full 28):
 PSYoungGen      total 267264K, used 3695K [0x00000000eab00000, 0x00000000fc400000, 0x0000000100000000)
  eden space 245248K, 0% used [0x00000000eab00000,0x00000000eab00000,0x00000000f9a80000)
  from space 22016K, 16% used [0x00000000f9a80000,0x00000000f9e1bc60,0x00000000fb000000)
  to   space 20480K, 0% used [0x00000000fb000000,0x00000000fb000000,0x00000000fc400000)
 ParOldGen       total 177152K, used 50285K [0x00000000c0000000, 0x00000000cad00000, 0x00000000eab00000)
  object space 177152K, 28% used [0x00000000c0000000,0x00000000c311b550,0x00000000cad00000)
 Metaspace       used 67422K, capacity 73682K, committed 74112K, reserved 1114112K
  class space    used 8596K, capacity 9271K, committed 9600K, reserved 1048576K
}
Event: 16140.547 GC heap before
{Heap before GC invocations=90 (full 28):
 PSYoungGen      total 267264K, used 141551K [0x00000000eab00000, 0x00000000fc400000, 0x0000000100000000)
  eden space 245248K, 56% used [0x00000000eab00000,0x00000000f31a00d0,0x00000000f9a80000)
  from space 22016K, 16% used [0x00000000f9a80000,0x00000000f9e1bc60,0x00000000fb000000)
  to   space 20480K, 0% used [0x00000000fb000000,0x00000000fb000000,0x00000000fc400000)
 ParOldGen       total 177152K, used 50285K [0x00000000c0000000, 0x00000000cad00000, 0x00000000eab00000)
  object space 177152K, 28% used [0x00000000c0000000,0x00000000c311b550,0x00000000cad00000)
 Metaspace       used 67463K, capacity 73682K, committed 74112K, reserved 1114112K
  class space    used 8602K, capacity 9271K, committed 9600K, reserved 1048576K
Event: 16140.559 GC heap after
Heap after GC invocations=90 (full 28):
 PSYoungGen      total 266240K, used 7039K [0x00000000eab00000, 0x00000000fc300000, 0x0000000100000000)
  eden space 246784K, 0% used [0x00000000eab00000,0x00000000eab00000,0x00000000f9c00000)
  from space 19456K, 36% used [0x00000000fb000000,0x00000000fb6dfc50,0x00000000fc300000)
  to   space 19968K, 0% used [0x00000000f9c00000,0x00000000f9c00000,0x00000000faf80000)
 ParOldGen       total 177152K, used 50293K [0x00000000c0000000, 0x00000000cad00000, 0x00000000eab00000)
  object space 177152K, 28% used [0x00000000c0000000,0x00000000c311d550,0x00000000cad00000)
 Metaspace       used 67463K, capacity 73682K, committed 74112K, reserved 1114112K
  class space    used 8602K, capacity 9271K, committed 9600K, reserved 1048576K
}
Event: 16140.559 GC heap before
{Heap before GC invocations=91 (full 29):
 PSYoungGen      total 266240K, used 7039K [0x00000000eab00000, 0x00000000fc300000, 0x0000000100000000)
  eden space 246784K, 0% used [0x00000000eab00000,0x00000000eab00000,0x00000000f9c00000)
  from space 19456K, 36% used [0x00000000fb000000,0x00000000fb6dfc50,0x00000000fc300000)
  to   space 19968K, 0% used [0x00000000f9c00000,0x00000000f9c00000,0x00000000faf80000)
 ParOldGen       total 177152K, used 50293K [0x00000000c0000000, 0x00000000cad00000, 0x00000000eab00000)
  object space 177152K, 28% used [0x00000000c0000000,0x00000000c311d550,0x00000000cad00000)
 Metaspace       used 67463K, capacity 73682K, committed 74112K, reserved 1114112K
  class space    used 8602K, capacity 9271K, committed 9600K, reserved 1048576K
Event: 16140.920 GC heap after
Heap after GC invocations=91 (full 29):
 PSYoungGen      total 266240K, used 0K [0x00000000eab00000, 0x00000000fc300000, 0x0000000100000000)
  eden space 246784K, 0% used [0x00000000eab00000,0x00000000eab00000,0x00000000f9c00000)
  from space 19456K, 0% used [0x00000000fb000000,0x00000000fb000000,0x00000000fc300000)
  to   space 19968K, 0% used [0x00000000f9c00000,0x00000000f9c00000,0x00000000faf80000)
 ParOldGen       total 177152K, used 55602K [0x00000000c0000000, 0x00000000cad00000, 0x00000000eab00000)
  object space 177152K, 31% used [0x00000000c0000000,0x00000000c364ca98,0x00000000cad00000)
 Metaspace       used 67463K, capacity 73682K, committed 74112K, reserved 1114112K
  class space    used 8602K, capacity 9271K, committed 9600K, reserved 1048576K
}

